<?xml version="1.0" encoding="UTF-8"?>
<!-- Generated by org.testng.reporters.JUnitReportReporter -->
<testsuite hostname="Ashwani_Singh" name="Gmail.Gmail_Login3" tests="1" failures="0" timestamp="11 Aug 2019 14:17:09 GMT" time="62.981" errors="0">
  <testcase name="Gmaill3" time="62.981" classname="Gmail.Gmail_Login3"/>
</testsuite> <!-- Gmail.Gmail_Login3 -->
