<?xml version="1.0" encoding="UTF-8"?>
<!-- Generated by org.testng.reporters.JUnitReportReporter -->
<testsuite hostname="Ashwani_Singh" name="Gmail.Gamil_Login" tests="1" failures="0" timestamp="11 Aug 2019 14:17:09 GMT" time="87.583" errors="0">
  <testcase name="Gmail" time="87.583" classname="Gmail.Gamil_Login"/>
</testsuite> <!-- Gmail.Gamil_Login -->
