<?xml version="1.0" encoding="UTF-8"?>
<!-- Generated by org.testng.reporters.JUnitReportReporter -->
<testsuite hostname="Ashwani_Singh" name="Gmail.Gmail_Login2" tests="1" failures="0" timestamp="11 Aug 2019 14:17:09 GMT" time="84.909" errors="0">
  <testcase name="Gmaill2" time="84.909" classname="Gmail.Gmail_Login2"/>
</testsuite> <!-- Gmail.Gmail_Login2 -->
